[debug] [2021-12-25T22:11:03.888Z] ----------------------------------------------------------------------
[debug] [2021-12-25T22:11:03.890Z] Command:       C:\Program Files (x86)\nodejs\node.exe C:\Users\USER\AppData\Roaming\npm\node_modules\firebase-tools\lib\bin\firebase.js init
[debug] [2021-12-25T22:11:03.890Z] CLI Version:   9.17.0
[debug] [2021-12-25T22:11:03.891Z] Platform:      win32
[debug] [2021-12-25T22:11:03.891Z] Node Version:  v14.17.4
[debug] [2021-12-25T22:11:03.891Z] Time:          Sun Dec 26 2021 05:11:03 GMT+0700 (Western Indonesia Time)
[debug] [2021-12-25T22:11:03.892Z] ----------------------------------------------------------------------
[debug] 
[debug] [2021-12-25T22:11:03.894Z] >>> [apiv2][query] GET https://firebase-public.firebaseio.com/cli.json [none]
[debug] [2021-12-25T22:11:03.967Z] > command requires scopes: ["email","openid","https://www.googleapis.com/auth/cloudplatformprojects.readonly","https://www.googleapis.com/auth/firebase","https://www.googleapis.com/auth/cloud-platform"]
[debug] [2021-12-25T22:11:03.967Z] > authorizing via signed-in user (achmadhanafy@gmail.com)
[info] 
     ######## #### ########  ######## ########     ###     ######  ########
     ##        ##  ##     ## ##       ##     ##  ##   ##  ##       ##
     ######    ##  ########  ######   ########  #########  ######  ######
     ##        ##  ##    ##  ##       ##     ## ##     ##       ## ##
     ##       #### ##     ## ######## ########  ##     ##  ######  ########

You're about to initialize a Firebase project in this directory:

  C:\Users\USER\web-app

Before we get started, keep in mind:

  * You are initializing within an existing Firebase project directory

[debug] [2021-12-25T22:11:04.718Z] <<< [apiv2][status] GET https://firebase-public.firebaseio.com/cli.json 200
[debug] [2021-12-25T22:11:04.719Z] <<< [apiv2][body] GET https://firebase-public.firebaseio.com/cli.json {"cloudBuildErrorAfter":1594252800000,"cloudBuildWarnAfter":1590019200000,"defaultNode10After":1594252800000,"minVersion":"3.0.5","node8DeploysDisabledAfter":1613390400000,"node8RuntimeDisabledAfter":1615809600000,"node8WarnAfter":1600128000000}
